<?xml version="1.0" encoding="UTF-8"?>
<!-- Generated by org.testng.reporters.JUnitReportReporter -->
<testsuite hostname="Ankitkr" failures="0" tests="2" name="TestCases.TC_01registeration" time="36.002" errors="0" timestamp="2025-05-31T09:23:21 IST" skipped="0">
  <testcase classname="TestCases.TC_01registeration" name="verify_account_registration" time="20.079"/>
  <testcase classname="TestCases.TC_01registeration" name="verify_account_registration" time="15.923"/>
</testsuite> <!-- TestCases.TC_01registeration -->
