<?xml version="1.0" encoding="UTF-8"?>
<!-- Generated by org.testng.reporters.JUnitReportReporter -->
<testsuite hostname="MSI" failures="0" tests="1" name="TestCases.TC_04CheckoutFlow" time="36.841" errors="0" timestamp="2025-05-26T19:44:22 IST" skipped="0">
  <testcase classname="TestCases.TC_04CheckoutFlow" name="checkoutFlowTest" time="36.841"/>
</testsuite> <!-- TestCases.TC_04CheckoutFlow -->
